{"C:\\Users\\user\\Documents\\code\\Exercises\\dashboard\\src\\app.ts": {"path":"C:\\Users\\user\\Documents\\code\\Exercises\\dashboard\\src\\app.ts","statementMap":{"0":{"start":{"line":1,"column":0},"end":{"line":1,"column":26}},"1":{"start":{"line":2,"column":0},"end":{"line":2,"column":30}},"2":{"start":{"line":4,"column":0},"end":{"line":4,"column":59}},"3":{"start":{"line":5,"column":0},"end":{"line":5,"column":47}},"4":{"start":{"line":6,"column":0},"end":{"line":6,"column":32}},"5":{"start":{"line":11,"column":0},"end":{"line":11,"column":58}},"6":{"start":{"line":12,"column":0},"end":{"line":12,"column":58}},"7":{"start":{"line":14,"column":0},"end":{"line":59,"column":null}},"8":{"start":{"line":21,"column":43},"end":{"line":21,"column":60}},"9":{"start":{"line":22,"column":41},"end":{"line":22,"column":63}},"10":{"start":{"line":23,"column":42},"end":{"line":23,"column":73}},"11":{"start":{"line":24,"column":41},"end":{"line":24,"column":70}},"12":{"start":{"line":25,"column":41},"end":{"line":25,"column":56}},"13":{"start":{"line":27,"column":4},"end":{"line":27,"column":25}},"14":{"start":{"line":28,"column":4},"end":{"line":28,"column":56}},"15":{"start":{"line":33,"column":4},"end":{"line":33,"column":33}},"16":{"start":{"line":35,"column":27},"end":{"line":35,"column":79}},"17":{"start":{"line":36,"column":4},"end":{"line":36,"column":62}},"18":{"start":{"line":40,"column":4},"end":{"line":40,"column":56}},"19":{"start":{"line":44,"column":4},"end":{"line":44,"column":70}},"20":{"start":{"line":48,"column":4},"end":{"line":48,"column":26}},"21":{"start":{"line":49,"column":4},"end":{"line":49,"column":21}},"22":{"start":{"line":50,"column":4},"end":{"line":50,"column":29}},"23":{"start":{"line":51,"column":4},"end":{"line":51,"column":39}},"24":{"start":{"line":52,"column":4},"end":{"line":52,"column":45}},"25":{"start":{"line":53,"column":4},"end":{"line":53,"column":65}},"26":{"start":{"line":57,"column":4},"end":{"line":57,"column":24}},"27":{"start":{"line":15,"column":13},"end":{"line":59,"column":null}},"28":{"start":{"line":15,"column":13},"end":{"line":15,"column":16}}},"fnMap":{"0":{"name":"(anonymous_12)","decl":{"start":{"line":20,"column":2},"end":{"line":20,"column":null}},"loc":{"start":{"line":25,"column":69},"end":{"line":29,"column":3}}},"1":{"name":"(anonymous_13)","decl":{"start":{"line":31,"column":2},"end":{"line":31,"column":16}},"loc":{"start":{"line":31,"column":16},"end":{"line":37,"column":3}}},"2":{"name":"(anonymous_14)","decl":{"start":{"line":39,"column":2},"end":{"line":39,"column":11}},"loc":{"start":{"line":39,"column":11},"end":{"line":41,"column":3}}},"3":{"name":"(anonymous_15)","decl":{"start":{"line":43,"column":2},"end":{"line":43,"column":19}},"loc":{"start":{"line":43,"column":19},"end":{"line":45,"column":3}}},"4":{"name":"(anonymous_16)","decl":{"start":{"line":47,"column":8},"end":{"line":47,"column":12}},"loc":{"start":{"line":47,"column":12},"end":{"line":54,"column":null}}},"5":{"name":"(anonymous_18)","decl":{"start":{"line":56,"column":9},"end":{"line":56,"column":14}},"loc":{"start":{"line":56,"column":14},"end":{"line":58,"column":3}}}},"branchMap":{"0":{"loc":{"start":{"line":28,"column":16},"end":{"line":28,"column":55}},"type":"binary-expr","locations":[{"start":{"line":28,"column":16},"end":{"line":28,"column":47}},{"start":{"line":28,"column":51},"end":{"line":28,"column":55}}]}},"s":{"0":1,"1":1,"2":1,"3":1,"4":1,"5":1,"6":1,"7":1,"8":1,"9":1,"10":1,"11":1,"12":1,"13":1,"14":1,"15":1,"16":1,"17":1,"18":1,"19":1,"20":1,"21":1,"22":1,"23":1,"24":1,"25":1,"26":1,"27":1,"28":1},"f":{"0":1,"1":1,"2":1,"3":1,"4":1,"5":1},"b":{"0":[1,0]}}
,"C:\\Users\\user\\Documents\\code\\Exercises\\dashboard\\src\\main.ts": {"path":"C:\\Users\\user\\Documents\\code\\Exercises\\dashboard\\src\\main.ts","statementMap":{"0":{"start":{"line":1,"column":0},"end":{"line":1,"column":26}},"1":{"start":{"line":2,"column":0},"end":{"line":2,"column":67}},"2":{"start":{"line":3,"column":0},"end":{"line":3,"column":28}},"3":{"start":{"line":4,"column":0},"end":{"line":4,"column":32}},"4":{"start":{"line":6,"column":0},"end":{"line":6,"column":58}},"5":{"start":{"line":8,"column":0},"end":{"line":8,"column":56}},"6":{"start":{"line":10,"column":0},"end":{"line":10,"column":59}},"7":{"start":{"line":11,"column":0},"end":{"line":11,"column":53}},"8":{"start":{"line":13,"column":0},"end":{"line":13,"column":56}},"9":{"start":{"line":15,"column":0},"end":{"line":15,"column":58}},"10":{"start":{"line":16,"column":0},"end":{"line":16,"column":59}},"11":{"start":{"line":19,"column":13},"end":{"line":34,"column":3}},"12":{"start":{"line":20,"column":2},"end":{"line":20,"column":50}},"13":{"start":{"line":21,"column":2},"end":{"line":23,"column":24}},"14":{"start":{"line":24,"column":2},"end":{"line":24,"column":68}},"15":{"start":{"line":25,"column":2},"end":{"line":25,"column":59}},"16":{"start":{"line":26,"column":2},"end":{"line":26,"column":74}},"17":{"start":{"line":27,"column":2},"end":{"line":29,"column":24}},"18":{"start":{"line":30,"column":2},"end":{"line":30,"column":61}},"19":{"start":{"line":31,"column":2},"end":{"line":33,"column":24}},"20":{"start":{"line":37,"column":23},"end":{"line":37,"column":38}},"21":{"start":{"line":38,"column":2},"end":{"line":38,"column":33}},"22":{"start":{"line":39,"column":14},"end":{"line":39,"column":46}},"23":{"start":{"line":40,"column":2},"end":{"line":40,"column":19}},"24":{"start":{"line":41,"column":2},"end":{"line":41,"column":31}},"25":{"start":{"line":44,"column":13},"end":{"line":44,"column":32}}},"fnMap":{"0":{"name":"(anonymous_7)","decl":{"start":{"line":19,"column":47},"end":{"line":19,"column":48}},"loc":{"start":{"line":19,"column":73},"end":{"line":34,"column":1}}},"1":{"name":"bootstrap","decl":{"start":{"line":36,"column":15},"end":{"line":36,"column":24}},"loc":{"start":{"line":36,"column":24},"end":{"line":42,"column":null}}}},"branchMap":{},"s":{"0":1,"1":1,"2":1,"3":1,"4":1,"5":1,"6":1,"7":1,"8":1,"9":1,"10":1,"11":1,"12":1,"13":1,"14":1,"15":1,"16":1,"17":1,"18":1,"19":1,"20":1,"21":1,"22":1,"23":1,"24":1,"25":1},"f":{"0":1,"1":1},"b":{}}
,"C:\\Users\\user\\Documents\\code\\Exercises\\dashboard\\src\\types.ts": {"path":"C:\\Users\\user\\Documents\\code\\Exercises\\dashboard\\src\\types.ts","statementMap":{"0":{"start":{"line":1,"column":13},"end":{"line":10,"column":2}}},"fnMap":{},"branchMap":{},"s":{"0":1},"f":{},"b":{}}
,"C:\\Users\\user\\Documents\\code\\Exercises\\dashboard\\src\\common\\auth.guard.ts": {"path":"C:\\Users\\user\\Documents\\code\\Exercises\\dashboard\\src\\common\\auth.guard.ts","statementMap":{"0":{"start":{"line":6,"column":4},"end":{"line":8,"column":null}},"1":{"start":{"line":7,"column":6},"end":{"line":7,"column":20}},"2":{"start":{"line":9,"column":4},"end":{"line":9,"column":54}},"3":{"start":{"line":4,"column":0},"end":{"line":4,"column":13}}},"fnMap":{"0":{"name":"(anonymous_0)","decl":{"start":{"line":5,"column":2},"end":{"line":5,"column":9}},"loc":{"start":{"line":5,"column":57},"end":{"line":10,"column":3}}}},"branchMap":{"0":{"loc":{"start":{"line":6,"column":4},"end":{"line":8,"column":null}},"type":"if","locations":[{"start":{"line":6,"column":4},"end":{"line":8,"column":null}}]}},"s":{"0":2,"1":1,"2":1,"3":1},"f":{"0":2},"b":{"0":[1]}}
,"C:\\Users\\user\\Documents\\code\\Exercises\\dashboard\\src\\common\\auth.middleware.ts": {"path":"C:\\Users\\user\\Documents\\code\\Exercises\\dashboard\\src\\common\\auth.middleware.ts","statementMap":{"0":{"start":{"line":3,"column":0},"end":{"line":3,"column":38}},"1":{"start":{"line":6,"column":22},"end":{"line":6,"column":36}},"2":{"start":{"line":9,"column":4},"end":{"line":23,"column":null}},"3":{"start":{"line":10,"column":20},"end":{"line":10,"column":59}},"4":{"start":{"line":11,"column":6},"end":{"line":20,"column":9}},"5":{"start":{"line":12,"column":8},"end":{"line":19,"column":null}},"6":{"start":{"line":13,"column":10},"end":{"line":13,"column":17}},"7":{"start":{"line":14,"column":15},"end":{"line":19,"column":null}},"8":{"start":{"line":15,"column":10},"end":{"line":18,"column":null}},"9":{"start":{"line":16,"column":12},"end":{"line":16,"column":37}},"10":{"start":{"line":17,"column":12},"end":{"line":17,"column":19}},"11":{"start":{"line":22,"column":6},"end":{"line":22,"column":13}},"12":{"start":{"line":5,"column":0},"end":{"line":5,"column":13}}},"fnMap":{"0":{"name":"(anonymous_0)","decl":{"start":{"line":6,"column":2},"end":{"line":6,"column":22}},"loc":{"start":{"line":6,"column":36},"end":{"line":6,"column":40}}},"1":{"name":"(anonymous_1)","decl":{"start":{"line":8,"column":2},"end":{"line":8,"column":9}},"loc":{"start":{"line":8,"column":57},"end":{"line":24,"column":3}}},"2":{"name":"(anonymous_2)","decl":{"start":{"line":11,"column":33},"end":{"line":11,"column":34}},"loc":{"start":{"line":11,"column":50},"end":{"line":20,"column":7}}}},"branchMap":{"0":{"loc":{"start":{"line":9,"column":4},"end":{"line":23,"column":null}},"type":"if","locations":[{"start":{"line":9,"column":4},"end":{"line":23,"column":null}},{"start":{"line":21,"column":11},"end":{"line":23,"column":null}}]},"1":{"loc":{"start":{"line":12,"column":8},"end":{"line":19,"column":null}},"type":"if","locations":[{"start":{"line":12,"column":8},"end":{"line":19,"column":null}},{"start":{"line":14,"column":15},"end":{"line":19,"column":null}}]},"2":{"loc":{"start":{"line":14,"column":15},"end":{"line":19,"column":null}},"type":"if","locations":[{"start":{"line":14,"column":15},"end":{"line":19,"column":null}}]},"3":{"loc":{"start":{"line":15,"column":10},"end":{"line":18,"column":null}},"type":"if","locations":[{"start":{"line":15,"column":10},"end":{"line":18,"column":null}}]}},"s":{"0":1,"1":1,"2":7,"3":2,"4":2,"5":2,"6":1,"7":1,"8":1,"9":1,"10":1,"11":5,"12":1},"f":{"0":1,"1":7,"2":2},"b":{"0":[2,5],"1":[1,1],"2":[1],"3":[1]}}
,"C:\\Users\\user\\Documents\\code\\Exercises\\dashboard\\src\\common\\base.controller.ts": {"path":"C:\\Users\\user\\Documents\\code\\Exercises\\dashboard\\src\\common\\base.controller.ts","statementMap":{"0":{"start":{"line":1,"column":0},"end":{"line":1,"column":33}},"1":{"start":{"line":3,"column":0},"end":{"line":3,"column":57}},"2":{"start":{"line":4,"column":0},"end":{"line":4,"column":47}},"3":{"start":{"line":5,"column":0},"end":{"line":5,"column":33}},"4":{"start":{"line":6,"column":0},"end":{"line":6,"column":26}},"5":{"start":{"line":8,"column":0},"end":{"line":37,"column":null}},"6":{"start":{"line":13,"column":43},"end":{"line":13,"column":58}},"7":{"start":{"line":15,"column":4},"end":{"line":15,"column":28}},"8":{"start":{"line":19,"column":4},"end":{"line":19,"column":24}},"9":{"start":{"line":23,"column":4},"end":{"line":35,"column":null}},"10":{"start":{"line":24,"column":6},"end":{"line":26,"column":8}},"11":{"start":{"line":28,"column":25},"end":{"line":28,"column":73}},"12":{"start":{"line":28,"column":55},"end":{"line":28,"column":72}},"13":{"start":{"line":30,"column":22},"end":{"line":30,"column":43}},"14":{"start":{"line":32,"column":23},"end":{"line":32,"column":70}},"15":{"start":{"line":34,"column":6},"end":{"line":34,"column":54}},"16":{"start":{"line":9,"column":22},"end":{"line":37,"column":null}},"17":{"start":{"line":9,"column":22},"end":{"line":9,"column":36}}},"fnMap":{"0":{"name":"(anonymous_4)","decl":{"start":{"line":12,"column":2},"end":{"line":12,"column":null}},"loc":{"start":{"line":13,"column":71},"end":{"line":16,"column":3}}},"1":{"name":"(anonymous_5)","decl":{"start":{"line":18,"column":2},"end":{"line":18,"column":6}},"loc":{"start":{"line":18,"column":12},"end":{"line":20,"column":3}}},"2":{"name":"(anonymous_6)","decl":{"start":{"line":22,"column":12},"end":{"line":22,"column":22}},"loc":{"start":{"line":22,"column":48},"end":{"line":36,"column":3}}},"3":{"name":"(anonymous_7)","decl":{"start":{"line":28,"column":48},"end":{"line":28,"column":49}},"loc":{"start":{"line":28,"column":55},"end":{"line":28,"column":72}}}},"branchMap":{"0":{"loc":{"start":{"line":28,"column":25},"end":{"line":28,"column":73}},"type":"cond-expr","locations":[{"start":{"line":28,"column":42},"end":{"line":28,"column":44}},{"start":{"line":28,"column":42},"end":{"line":28,"column":73}}]},"1":{"loc":{"start":{"line":28,"column":25},"end":{"line":28,"column":44}},"type":"binary-expr","locations":[{"start":{"line":28,"column":25},"end":{"line":28,"column":44}},{"start":{"line":28,"column":42},"end":{"line":28,"column":44}}]},"2":{"loc":{"start":{"line":32,"column":23},"end":{"line":32,"column":70}},"type":"cond-expr","locations":[{"start":{"line":32,"column":36},"end":{"line":32,"column":60}},{"start":{"line":32,"column":63},"end":{"line":32,"column":70}}]}},"s":{"0":1,"1":1,"2":1,"3":1,"4":1,"5":1,"6":1,"7":1,"8":4,"9":1,"10":3,"11":3,"12":3,"13":3,"14":3,"15":3,"16":1,"17":1},"f":{"0":1,"1":4,"2":1,"3":3},"b":{"0":[0,3],"1":[3,3],"2":[3,0]}}
,"C:\\Users\\user\\Documents\\code\\Exercises\\dashboard\\src\\common\\validate.middleware.ts": {"path":"C:\\Users\\user\\Documents\\code\\Exercises\\dashboard\\src\\common\\validate.middleware.ts","statementMap":{"0":{"start":{"line":1,"column":0},"end":{"line":1,"column":70}},"1":{"start":{"line":4,"column":0},"end":{"line":4,"column":43}},"2":{"start":{"line":7,"column":22},"end":{"line":7,"column":63}},"3":{"start":{"line":10,"column":21},"end":{"line":10,"column":64}},"4":{"start":{"line":11,"column":4},"end":{"line":17,"column":7}},"5":{"start":{"line":12,"column":6},"end":{"line":16,"column":null}},"6":{"start":{"line":13,"column":8},"end":{"line":13,"column":37}},"7":{"start":{"line":15,"column":8},"end":{"line":15,"column":15}},"8":{"start":{"line":6,"column":0},"end":{"line":6,"column":13}}},"fnMap":{"0":{"name":"(anonymous_0)","decl":{"start":{"line":7,"column":2},"end":{"line":7,"column":22}},"loc":{"start":{"line":7,"column":63},"end":{"line":7,"column":67}}},"1":{"name":"(anonymous_1)","decl":{"start":{"line":9,"column":2},"end":{"line":9,"column":9}},"loc":{"start":{"line":9,"column":62},"end":{"line":18,"column":3}}},"2":{"name":"(anonymous_2)","decl":{"start":{"line":11,"column":28},"end":{"line":11,"column":29}},"loc":{"start":{"line":11,"column":39},"end":{"line":17,"column":5}}}},"branchMap":{"0":{"loc":{"start":{"line":12,"column":6},"end":{"line":16,"column":null}},"type":"if","locations":[{"start":{"line":12,"column":6},"end":{"line":16,"column":null}},{"start":{"line":14,"column":13},"end":{"line":16,"column":null}}]}},"s":{"0":1,"1":1,"2":2,"3":5,"4":5,"5":5,"6":1,"7":4,"8":1},"f":{"0":2,"1":5,"2":5},"b":{"0":[1,4]}}
,"C:\\Users\\user\\Documents\\code\\Exercises\\dashboard\\src\\config\\config.service.ts": {"path":"C:\\Users\\user\\Documents\\code\\Exercises\\dashboard\\src\\config\\config.service.ts","statementMap":{"0":{"start":{"line":1,"column":0},"end":{"line":1,"column":52}},"1":{"start":{"line":3,"column":0},"end":{"line":3,"column":47}},"2":{"start":{"line":5,"column":0},"end":{"line":5,"column":33}},"3":{"start":{"line":7,"column":0},"end":{"line":23,"column":null}},"4":{"start":{"line":10,"column":51},"end":{"line":10,"column":73}},"5":{"start":{"line":11,"column":19},"end":{"line":11,"column":27}},"6":{"start":{"line":12,"column":4},"end":{"line":17,"column":null}},"7":{"start":{"line":13,"column":6},"end":{"line":13,"column":66}},"8":{"start":{"line":15,"column":6},"end":{"line":15,"column":27}},"9":{"start":{"line":16,"column":6},"end":{"line":16,"column":58}},"10":{"start":{"line":21,"column":4},"end":{"line":21,"column":35}},"11":{"start":{"line":8,"column":13},"end":{"line":23,"column":null}},"12":{"start":{"line":8,"column":13},"end":{"line":8,"column":26}}},"fnMap":{"0":{"name":"(anonymous_4)","decl":{"start":{"line":10,"column":2},"end":{"line":10,"column":15}},"loc":{"start":{"line":10,"column":73},"end":{"line":18,"column":3}}},"1":{"name":"(anonymous_5)","decl":{"start":{"line":20,"column":2},"end":{"line":20,"column":5}},"loc":{"start":{"line":20,"column":17},"end":{"line":22,"column":3}}}},"branchMap":{"0":{"loc":{"start":{"line":12,"column":4},"end":{"line":17,"column":null}},"type":"if","locations":[{"start":{"line":12,"column":4},"end":{"line":17,"column":null}},{"start":{"line":14,"column":11},"end":{"line":17,"column":null}}]}},"s":{"0":1,"1":1,"2":1,"3":1,"4":1,"5":1,"6":1,"7":0,"8":1,"9":1,"10":5,"11":1,"12":1},"f":{"0":1,"1":5},"b":{"0":[0,1]}}
,"C:\\Users\\user\\Documents\\code\\Exercises\\dashboard\\src\\database\\prisma.service.ts": {"path":"C:\\Users\\user\\Documents\\code\\Exercises\\dashboard\\src\\database\\prisma.service.ts","statementMap":{"0":{"start":{"line":1,"column":0},"end":{"line":1,"column":57}},"1":{"start":{"line":2,"column":0},"end":{"line":2,"column":47}},"2":{"start":{"line":4,"column":0},"end":{"line":4,"column":33}},"3":{"start":{"line":6,"column":0},"end":{"line":30,"column":null}},"4":{"start":{"line":10,"column":51},"end":{"line":10,"column":73}},"5":{"start":{"line":11,"column":4},"end":{"line":11,"column":37}},"6":{"start":{"line":15,"column":4},"end":{"line":24,"column":null}},"7":{"start":{"line":16,"column":6},"end":{"line":16,"column":35}},"8":{"start":{"line":17,"column":6},"end":{"line":17,"column":71}},"9":{"start":{"line":19,"column":6},"end":{"line":23,"column":null}},"10":{"start":{"line":20,"column":8},"end":{"line":22,"column":10}},"11":{"start":{"line":28,"column":4},"end":{"line":28,"column":30}},"12":{"start":{"line":7,"column":13},"end":{"line":30,"column":null}},"13":{"start":{"line":7,"column":13},"end":{"line":7,"column":26}}},"fnMap":{"0":{"name":"(anonymous_11)","decl":{"start":{"line":10,"column":2},"end":{"line":10,"column":15}},"loc":{"start":{"line":10,"column":73},"end":{"line":12,"column":3}}},"1":{"name":"(anonymous_12)","decl":{"start":{"line":14,"column":8},"end":{"line":14,"column":15}},"loc":{"start":{"line":14,"column":15},"end":{"line":25,"column":null}}},"2":{"name":"(anonymous_14)","decl":{"start":{"line":27,"column":8},"end":{"line":27,"column":18}},"loc":{"start":{"line":27,"column":18},"end":{"line":29,"column":null}}}},"branchMap":{"0":{"loc":{"start":{"line":19,"column":6},"end":{"line":23,"column":null}},"type":"if","locations":[{"start":{"line":19,"column":6},"end":{"line":23,"column":null}}]}},"s":{"0":1,"1":1,"2":1,"3":1,"4":2,"5":2,"6":1,"7":1,"8":1,"9":0,"10":0,"11":0,"12":1,"13":1},"f":{"0":2,"1":1,"2":0},"b":{"0":[0]}}
,"C:\\Users\\user\\Documents\\code\\Exercises\\dashboard\\src\\errors\\exeption.filter.ts": {"path":"C:\\Users\\user\\Documents\\code\\Exercises\\dashboard\\src\\errors\\exeption.filter.ts","statementMap":{"0":{"start":{"line":2,"column":0},"end":{"line":2,"column":57}},"1":{"start":{"line":4,"column":0},"end":{"line":4,"column":47}},"2":{"start":{"line":5,"column":0},"end":{"line":5,"column":47}},"3":{"start":{"line":6,"column":0},"end":{"line":6,"column":26}},"4":{"start":{"line":7,"column":0},"end":{"line":7,"column":33}},"5":{"start":{"line":9,"column":0},"end":{"line":33,"column":null}},"6":{"start":{"line":12,"column":41},"end":{"line":12,"column":56}},"7":{"start":{"line":21,"column":4},"end":{"line":31,"column":null}},"8":{"start":{"line":22,"column":6},"end":{"line":26,"column":8}},"9":{"start":{"line":27,"column":6},"end":{"line":27,"column":60}},"10":{"start":{"line":29,"column":6},"end":{"line":29,"column":56}},"11":{"start":{"line":30,"column":6},"end":{"line":30,"column":49}},"12":{"start":{"line":10,"column":13},"end":{"line":33,"column":null}},"13":{"start":{"line":10,"column":13},"end":{"line":10,"column":27}}},"fnMap":{"0":{"name":"(anonymous_4)","decl":{"start":{"line":11,"column":2},"end":{"line":11,"column":null}},"loc":{"start":{"line":12,"column":69},"end":{"line":13,"column":6}}},"1":{"name":"(anonymous_5)","decl":{"start":{"line":15,"column":2},"end":{"line":15,"column":7}},"loc":{"start":{"line":19,"column":22},"end":{"line":32,"column":3}}}},"branchMap":{"0":{"loc":{"start":{"line":21,"column":4},"end":{"line":31,"column":null}},"type":"if","locations":[{"start":{"line":21,"column":4},"end":{"line":31,"column":null}},{"start":{"line":28,"column":11},"end":{"line":31,"column":null}}]},"1":{"loc":{"start":{"line":23,"column":12},"end":{"line":23,"column":42}},"type":"cond-expr","locations":[{"start":{"line":23,"column":26},"end":{"line":23,"column":37}},{"start":{"line":23,"column":40},"end":{"line":23,"column":42}}]}},"s":{"0":1,"1":1,"2":1,"3":1,"4":1,"5":1,"6":1,"7":1,"8":1,"9":1,"10":0,"11":0,"12":1,"13":1},"f":{"0":1,"1":1},"b":{"0":[1,0],"1":[1,0]}}
,"C:\\Users\\user\\Documents\\code\\Exercises\\dashboard\\src\\errors\\http-error.class.ts": {"path":"C:\\Users\\user\\Documents\\code\\Exercises\\dashboard\\src\\errors\\http-error.class.ts","statementMap":{"0":{"start":{"line":6,"column":4},"end":{"line":6,"column":19}},"1":{"start":{"line":7,"column":4},"end":{"line":7,"column":33}},"2":{"start":{"line":8,"column":4},"end":{"line":8,"column":27}},"3":{"start":{"line":9,"column":4},"end":{"line":9,"column":27}},"4":{"start":{"line":1,"column":0},"end":{"line":1,"column":13}}},"fnMap":{"0":{"name":"(anonymous_0)","decl":{"start":{"line":5,"column":2},"end":{"line":5,"column":14}},"loc":{"start":{"line":5,"column":67},"end":{"line":10,"column":3}}}},"branchMap":{},"s":{"0":1,"1":1,"2":1,"3":1,"4":1},"f":{"0":1},"b":{}}
,"C:\\Users\\user\\Documents\\code\\Exercises\\dashboard\\src\\logger\\logger.service.ts": {"path":"C:\\Users\\user\\Documents\\code\\Exercises\\dashboard\\src\\logger\\logger.service.ts","statementMap":{"0":{"start":{"line":1,"column":0},"end":{"line":1,"column":26}},"1":{"start":{"line":2,"column":0},"end":{"line":2,"column":39}},"2":{"start":{"line":3,"column":0},"end":{"line":3,"column":40}},"3":{"start":{"line":6,"column":0},"end":{"line":27,"column":null}},"4":{"start":{"line":11,"column":4},"end":{"line":13,"column":7}},"5":{"start":{"line":17,"column":4},"end":{"line":17,"column":30}},"6":{"start":{"line":21,"column":4},"end":{"line":21,"column":31}},"7":{"start":{"line":25,"column":4},"end":{"line":25,"column":30}},"8":{"start":{"line":7,"column":13},"end":{"line":27,"column":null}},"9":{"start":{"line":7,"column":13},"end":{"line":7,"column":26}}},"fnMap":{"0":{"name":"(anonymous_2)","decl":{"start":{"line":10,"column":2},"end":{"line":10,"column":null}},"loc":{"start":{"line":10,"column":2},"end":{"line":14,"column":3}}},"1":{"name":"(anonymous_3)","decl":{"start":{"line":16,"column":2},"end":{"line":16,"column":5}},"loc":{"start":{"line":16,"column":24},"end":{"line":18,"column":3}}},"2":{"name":"(anonymous_4)","decl":{"start":{"line":20,"column":2},"end":{"line":20,"column":7}},"loc":{"start":{"line":20,"column":26},"end":{"line":22,"column":3}}},"3":{"name":"(anonymous_5)","decl":{"start":{"line":24,"column":2},"end":{"line":24,"column":6}},"loc":{"start":{"line":24,"column":25},"end":{"line":26,"column":3}}}},"branchMap":{},"s":{"0":1,"1":1,"2":1,"3":1,"4":1,"5":6,"6":1,"7":0,"8":1,"9":1},"f":{"0":1,"1":6,"2":1,"3":0},"b":{}}
,"C:\\Users\\user\\Documents\\code\\Exercises\\dashboard\\src\\users\\user.entity.ts": {"path":"C:\\Users\\user\\Documents\\code\\Exercises\\dashboard\\src\\users\\user.entity.ts","statementMap":{"0":{"start":{"line":1,"column":0},"end":{"line":1,"column":41}},"1":{"start":{"line":6,"column":21},"end":{"line":6,"column":35}},"2":{"start":{"line":7,"column":21},"end":{"line":7,"column":34}},"3":{"start":{"line":10,"column":4},"end":{"line":12,"column":null}},"4":{"start":{"line":11,"column":6},"end":{"line":11,"column":36}},"5":{"start":{"line":16,"column":4},"end":{"line":16,"column":23}},"6":{"start":{"line":20,"column":4},"end":{"line":20,"column":22}},"7":{"start":{"line":24,"column":4},"end":{"line":24,"column":26}},"8":{"start":{"line":28,"column":4},"end":{"line":28,"column":48}},"9":{"start":{"line":32,"column":4},"end":{"line":32,"column":45}},"10":{"start":{"line":3,"column":0},"end":{"line":3,"column":13}}},"fnMap":{"0":{"name":"(anonymous_7)","decl":{"start":{"line":5,"column":2},"end":{"line":5,"column":null}},"loc":{"start":{"line":8,"column":25},"end":{"line":13,"column":3}}},"1":{"name":"(anonymous_8)","decl":{"start":{"line":15,"column":2},"end":{"line":15,"column":6}},"loc":{"start":{"line":15,"column":11},"end":{"line":17,"column":3}}},"2":{"name":"(anonymous_9)","decl":{"start":{"line":19,"column":2},"end":{"line":19,"column":6}},"loc":{"start":{"line":19,"column":10},"end":{"line":21,"column":3}}},"3":{"name":"(anonymous_10)","decl":{"start":{"line":23,"column":2},"end":{"line":23,"column":6}},"loc":{"start":{"line":23,"column":14},"end":{"line":25,"column":3}}},"4":{"name":"(anonymous_11)","decl":{"start":{"line":27,"column":15},"end":{"line":27,"column":26}},"loc":{"start":{"line":27,"column":57},"end":{"line":29,"column":null}}},"5":{"name":"(anonymous_13)","decl":{"start":{"line":31,"column":15},"end":{"line":31,"column":30}},"loc":{"start":{"line":31,"column":47},"end":{"line":33,"column":null}}}},"branchMap":{"0":{"loc":{"start":{"line":10,"column":4},"end":{"line":12,"column":null}},"type":"if","locations":[{"start":{"line":10,"column":4},"end":{"line":12,"column":null}}]}},"s":{"0":1,"1":4,"2":4,"3":4,"4":4,"5":0,"6":0,"7":0,"8":0,"9":4,"10":1},"f":{"0":4,"1":0,"2":0,"3":0,"4":0,"5":4},"b":{"0":[4]}}
,"C:\\Users\\user\\Documents\\code\\Exercises\\dashboard\\src\\users\\users.controller.ts": {"path":"C:\\Users\\user\\Documents\\code\\Exercises\\dashboard\\src\\users\\users.controller.ts","statementMap":{"0":{"start":{"line":1,"column":0},"end":{"line":1,"column":26}},"1":{"start":{"line":2,"column":0},"end":{"line":2,"column":47}},"2":{"start":{"line":3,"column":0},"end":{"line":3,"column":59}},"3":{"start":{"line":4,"column":0},"end":{"line":4,"column":55}},"4":{"start":{"line":8,"column":0},"end":{"line":8,"column":52}},"5":{"start":{"line":9,"column":0},"end":{"line":9,"column":58}},"6":{"start":{"line":10,"column":0},"end":{"line":10,"column":33}},"7":{"start":{"line":11,"column":0},"end":{"line":11,"column":67}},"8":{"start":{"line":13,"column":0},"end":{"line":13,"column":36}},"9":{"start":{"line":15,"column":0},"end":{"line":15,"column":49}},"10":{"start":{"line":17,"column":0},"end":{"line":104,"column":null}},"11":{"start":{"line":27,"column":4},"end":{"line":27,"column":25}},"12":{"start":{"line":23,"column":40},"end":{"line":23,"column":62}},"13":{"start":{"line":24,"column":40},"end":{"line":24,"column":67}},"14":{"start":{"line":25,"column":41},"end":{"line":25,"column":70}},"15":{"start":{"line":28,"column":4},"end":{"line":47,"column":7}},"16":{"start":{"line":55,"column":19},"end":{"line":55,"column":61}},"17":{"start":{"line":56,"column":4},"end":{"line":59,"column":null}},"18":{"start":{"line":57,"column":6},"end":{"line":57,"column":62}},"19":{"start":{"line":58,"column":6},"end":{"line":58,"column":13}},"20":{"start":{"line":61,"column":16},"end":{"line":63,"column":null}},"21":{"start":{"line":66,"column":4},"end":{"line":66,"column":22}},"22":{"start":{"line":74,"column":19},"end":{"line":74,"column":59}},"23":{"start":{"line":76,"column":4},"end":{"line":79,"column":null}},"24":{"start":{"line":77,"column":6},"end":{"line":77,"column":74}},"25":{"start":{"line":78,"column":6},"end":{"line":78,"column":13}},"26":{"start":{"line":81,"column":4},"end":{"line":81,"column":21}},"27":{"start":{"line":85,"column":21},"end":{"line":85,"column":62}},"28":{"start":{"line":86,"column":4},"end":{"line":86,"column":57}},"29":{"start":{"line":90,"column":4},"end":{"line":102,"column":7}},"30":{"start":{"line":91,"column":6},"end":{"line":101,"column":8}},"31":{"start":{"line":96,"column":10},"end":{"line":98,"column":null}},"32":{"start":{"line":97,"column":12},"end":{"line":97,"column":24}},"33":{"start":{"line":99,"column":10},"end":{"line":99,"column":35}},"34":{"start":{"line":18,"column":13},"end":{"line":104,"column":null}},"35":{"start":{"line":18,"column":13},"end":{"line":18,"column":28}}},"fnMap":{"0":{"name":"(anonymous_11)","decl":{"start":{"line":22,"column":2},"end":{"line":22,"column":null}},"loc":{"start":{"line":25,"column":70},"end":{"line":48,"column":3}}},"1":{"name":"(anonymous_12)","decl":{"start":{"line":50,"column":8},"end":{"line":50,"column":13}},"loc":{"start":{"line":53,"column":22},"end":{"line":67,"column":null}}},"2":{"name":"(anonymous_14)","decl":{"start":{"line":69,"column":8},"end":{"line":69,"column":16}},"loc":{"start":{"line":72,"column":22},"end":{"line":82,"column":null}}},"3":{"name":"(anonymous_16)","decl":{"start":{"line":84,"column":8},"end":{"line":84,"column":12}},"loc":{"start":{"line":84,"column":65},"end":{"line":87,"column":null}}},"4":{"name":"(anonymous_18)","decl":{"start":{"line":89,"column":10},"end":{"line":89,"column":17}},"loc":{"start":{"line":89,"column":47},"end":{"line":103,"column":3}}},"5":{"name":"(anonymous_19)","decl":{"start":{"line":90,"column":23},"end":{"line":90,"column":24}},"loc":{"start":{"line":90,"column":43},"end":{"line":102,"column":5}}},"6":{"name":"(anonymous_20)","decl":{"start":{"line":95,"column":8},"end":{"line":95,"column":9}},"loc":{"start":{"line":95,"column":23},"end":{"line":100,"column":9}}}},"branchMap":{"0":{"loc":{"start":{"line":56,"column":4},"end":{"line":59,"column":null}},"type":"if","locations":[{"start":{"line":56,"column":4},"end":{"line":59,"column":null}}]},"1":{"loc":{"start":{"line":76,"column":4},"end":{"line":79,"column":null}},"type":"if","locations":[{"start":{"line":76,"column":4},"end":{"line":79,"column":null}}]},"2":{"loc":{"start":{"line":96,"column":10},"end":{"line":98,"column":null}},"type":"if","locations":[{"start":{"line":96,"column":10},"end":{"line":98,"column":null}}]}},"s":{"0":1,"1":1,"2":1,"3":1,"4":1,"5":1,"6":1,"7":1,"8":1,"9":1,"10":1,"11":1,"12":1,"13":1,"14":1,"15":1,"16":4,"17":4,"18":1,"19":1,"20":3,"21":3,"22":0,"23":0,"24":0,"25":0,"26":0,"27":1,"28":1,"29":3,"30":3,"31":3,"32":0,"33":3,"34":1,"35":1},"f":{"0":1,"1":4,"2":0,"3":1,"4":3,"5":3,"6":3},"b":{"0":[1],"1":[0],"2":[0]}}
,"C:\\Users\\user\\Documents\\code\\Exercises\\dashboard\\src\\users\\users.repository.ts": {"path":"C:\\Users\\user\\Documents\\code\\Exercises\\dashboard\\src\\users\\users.repository.ts","statementMap":{"0":{"start":{"line":4,"column":0},"end":{"line":4,"column":47}},"1":{"start":{"line":5,"column":0},"end":{"line":5,"column":33}},"2":{"start":{"line":6,"column":0},"end":{"line":6,"column":59}},"3":{"start":{"line":8,"column":0},"end":{"line":25,"column":null}},"4":{"start":{"line":11,"column":41},"end":{"line":11,"column":56}},"5":{"start":{"line":15,"column":4},"end":{"line":17,"column":7}},"6":{"start":{"line":21,"column":4},"end":{"line":23,"column":7}},"7":{"start":{"line":9,"column":13},"end":{"line":25,"column":null}},"8":{"start":{"line":9,"column":13},"end":{"line":9,"column":28}}},"fnMap":{"0":{"name":"(anonymous_11)","decl":{"start":{"line":10,"column":2},"end":{"line":10,"column":null}},"loc":{"start":{"line":11,"column":69},"end":{"line":12,"column":6}}},"1":{"name":"(anonymous_12)","decl":{"start":{"line":14,"column":8},"end":{"line":14,"column":14}},"loc":{"start":{"line":14,"column":46},"end":{"line":18,"column":null}}},"2":{"name":"(anonymous_14)","decl":{"start":{"line":20,"column":8},"end":{"line":20,"column":12}},"loc":{"start":{"line":20,"column":26},"end":{"line":24,"column":null}}}},"branchMap":{},"s":{"0":1,"1":1,"2":1,"3":1,"4":1,"5":0,"6":5,"7":1,"8":1},"f":{"0":1,"1":0,"2":5},"b":{}}
,"C:\\Users\\user\\Documents\\code\\Exercises\\dashboard\\src\\users\\users.service.ts": {"path":"C:\\Users\\user\\Documents\\code\\Exercises\\dashboard\\src\\users\\users.service.ts","statementMap":{"0":{"start":{"line":4,"column":0},"end":{"line":4,"column":37}},"1":{"start":{"line":5,"column":0},"end":{"line":5,"column":47}},"2":{"start":{"line":7,"column":0},"end":{"line":7,"column":33}},"3":{"start":{"line":11,"column":0},"end":{"line":48,"column":null}},"4":{"start":{"line":14,"column":41},"end":{"line":14,"column":70}},"5":{"start":{"line":15,"column":43},"end":{"line":15,"column":76}},"6":{"start":{"line":23,"column":22},"end":{"line":23,"column":60}},"7":{"start":{"line":24,"column":4},"end":{"line":24,"column":31}},"8":{"start":{"line":24,"column":19},"end":{"line":24,"column":31}},"9":{"start":{"line":26,"column":20},"end":{"line":26,"column":41}},"10":{"start":{"line":27,"column":17},"end":{"line":27,"column":55}},"11":{"start":{"line":28,"column":4},"end":{"line":28,"column":46}},"12":{"start":{"line":29,"column":4},"end":{"line":29,"column":54}},"13":{"start":{"line":33,"column":22},"end":{"line":33,"column":60}},"14":{"start":{"line":34,"column":4},"end":{"line":34,"column":33}},"15":{"start":{"line":34,"column":20},"end":{"line":34,"column":33}},"16":{"start":{"line":36,"column":20},"end":{"line":39,"column":null}},"17":{"start":{"line":42,"column":4},"end":{"line":42,"column":51}},"18":{"start":{"line":46,"column":4},"end":{"line":46,"column":44}},"19":{"start":{"line":12,"column":13},"end":{"line":48,"column":null}},"20":{"start":{"line":12,"column":13},"end":{"line":12,"column":25}}},"fnMap":{"0":{"name":"(anonymous_11)","decl":{"start":{"line":13,"column":2},"end":{"line":13,"column":null}},"loc":{"start":{"line":15,"column":76},"end":{"line":16,"column":6}}},"1":{"name":"(anonymous_12)","decl":{"start":{"line":18,"column":8},"end":{"line":18,"column":18}},"loc":{"start":{"line":22,"column":20},"end":{"line":30,"column":null}}},"2":{"name":"(anonymous_14)","decl":{"start":{"line":32,"column":8},"end":{"line":32,"column":20}},"loc":{"start":{"line":32,"column":54},"end":{"line":43,"column":null}}},"3":{"name":"(anonymous_16)","decl":{"start":{"line":45,"column":8},"end":{"line":45,"column":19}},"loc":{"start":{"line":45,"column":33},"end":{"line":47,"column":null}}}},"branchMap":{"0":{"loc":{"start":{"line":24,"column":4},"end":{"line":24,"column":31}},"type":"if","locations":[{"start":{"line":24,"column":4},"end":{"line":24,"column":31}}]},"1":{"loc":{"start":{"line":34,"column":4},"end":{"line":34,"column":33}},"type":"if","locations":[{"start":{"line":34,"column":4},"end":{"line":34,"column":33}}]}},"s":{"0":1,"1":1,"2":1,"3":1,"4":1,"5":1,"6":0,"7":0,"8":0,"9":0,"10":0,"11":0,"12":0,"13":4,"14":4,"15":0,"16":4,"17":4,"18":1,"19":1,"20":1},"f":{"0":1,"1":0,"2":4,"3":1},"b":{"0":[0],"1":[0]}}
,"C:\\Users\\user\\Documents\\code\\Exercises\\dashboard\\src\\users\\dto\\user-login.dto.ts": {"path":"C:\\Users\\user\\Documents\\code\\Exercises\\dashboard\\src\\users\\dto\\user-login.dto.ts","statementMap":{"0":{"start":{"line":1,"column":0},"end":{"line":1,"column":52}},"1":{"start":{"line":5,"column":2},"end":{"line":5,"column":null}},"2":{"start":{"line":7,"column":2},"end":{"line":7,"column":null}},"3":{"start":{"line":3,"column":0},"end":{"line":3,"column":13}}},"fnMap":{},"branchMap":{},"s":{"0":1,"1":1,"2":1,"3":1},"f":{},"b":{}}
,"C:\\Users\\user\\Documents\\code\\Exercises\\dashboard\\src\\users\\dto\\user-register.dto.ts": {"path":"C:\\Users\\user\\Documents\\code\\Exercises\\dashboard\\src\\users\\dto\\user-register.dto.ts","statementMap":{"0":{"start":{"line":1,"column":0},"end":{"line":1,"column":52}},"1":{"start":{"line":5,"column":2},"end":{"line":5,"column":null}},"2":{"start":{"line":8,"column":2},"end":{"line":8,"column":null}},"3":{"start":{"line":11,"column":2},"end":{"line":11,"column":null}},"4":{"start":{"line":3,"column":0},"end":{"line":3,"column":13}}},"fnMap":{},"branchMap":{},"s":{"0":1,"1":1,"2":1,"3":1,"4":1},"f":{},"b":{}}
}
